\BOOKMARK [0][-]{chapter.1}{\376\377\0001\000\040\004\020\004\073\004\104\004\060\004\062\004\126\004\102\004\075\004\070\004\071\000\040\004\077\004\076\004\072\004\060\004\066\004\107\004\070\004\072\000\040\004\072\004\073\004\060\004\101\004\126\004\062}{}% 1
\BOOKMARK [1][-]{section.1.1}{\376\377\0001\000.\0001\000\040\004\032\004\073\004\060\004\101\004\070}{chapter.1}% 2
\BOOKMARK [0][-]{chapter.2}{\376\377\0002\000\040\004\037\004\076\004\072\004\060\004\066\004\107\004\070\004\072\000\040\004\104\004\060\004\071\004\073\004\062}{}% 3
\BOOKMARK [1][-]{section.2.1}{\376\377\0002\000.\0001\000\040\004\044\004\060\004\071\004\073\004\070}{chapter.2}% 4
\BOOKMARK [0][-]{chapter.3}{\376\377\0003\000\040\004\032\004\073\004\060\004\101\004\070}{}% 5
\BOOKMARK [1][-]{section.3.1}{\376\377\0003\000.\0001\000\040\004\032\004\073\004\060\004\101\000\040\000m\000o\000d\000A\000l\000p\000h\000a\000C\000i\000p\000h\000e\000r}{chapter.3}% 6
\BOOKMARK [2][-]{subsection.3.1.1}{\376\377\0003\000.\0001\000.\0001\000\040\004\024\004\065\004\102\004\060\004\073\004\114\004\075\004\070\004\071\000\040\004\076\004\077\004\070\004\101}{section.3.1}% 7
\BOOKMARK [2][-]{subsection.3.1.2}{\376\377\0003\000.\0001\000.\0002\000\040\004\032\004\076\004\075\004\101\004\102\004\100\004\103\004\072\004\102\004\076\004\100\000\050\004\070\000\051}{section.3.1}% 8
\BOOKMARK [3][-]{subsubsection.3.1.2.1}{\376\377\0003\000.\0001\000.\0002\000.\0001\000\040\000m\000o\000d\000A\000l\000p\000h\000a\000C\000i\000p\000h\000e\000r\000\050\000\051\000\040\000[\0001\000/\0002\000]}{subsection.3.1.2}% 9
\BOOKMARK [3][-]{subsubsection.3.1.2.2}{\376\377\0003\000.\0001\000.\0002\000.\0002\000\040\000m\000o\000d\000A\000l\000p\000h\000a\000C\000i\000p\000h\000e\000r\000\050\000\051\000\040\000[\0002\000/\0002\000]}{subsection.3.1.2}% 10
\BOOKMARK [2][-]{subsection.3.1.3}{\376\377\0003\000.\0001\000.\0003\000\040\004\036\004\077\004\070\004\101\000\040\004\074\004\065\004\102\004\076\004\064\004\126\004\062\000\040\004\072\004\076\004\074\004\077\004\076\004\075\004\065\004\075\004\102}{section.3.1}% 11
\BOOKMARK [3][-]{subsubsection.3.1.3.1}{\376\377\0003\000.\0001\000.\0003\000.\0001\000\040\000c\000o\000n\000v\000e\000r\000t\000\050\000\051\000\040\000[\0001\000/\0002\000]}{subsection.3.1.3}% 12
\BOOKMARK [3][-]{subsubsection.3.1.3.2}{\376\377\0003\000.\0001\000.\0003\000.\0002\000\040\000c\000o\000n\000v\000e\000r\000t\000\050\000\051\000\040\000[\0002\000/\0002\000]}{subsection.3.1.3}% 13
\BOOKMARK [3][-]{subsubsection.3.1.3.3}{\376\377\0003\000.\0001\000.\0003\000.\0003\000\040\000d\000e\000c\000r\000y\000p\000t\000\050\000\051}{subsection.3.1.3}% 14
\BOOKMARK [3][-]{subsubsection.3.1.3.4}{\376\377\0003\000.\0001\000.\0003\000.\0004\000\040\000e\000n\000c\000r\000y\000p\000t\000\050\000\051}{subsection.3.1.3}% 15
\BOOKMARK [3][-]{subsubsection.3.1.3.5}{\376\377\0003\000.\0001\000.\0003\000.\0005\000\040\000f\000r\000o\000m\000w\000s\000t\000r\000\050\000\051}{subsection.3.1.3}% 16
\BOOKMARK [3][-]{subsubsection.3.1.3.6}{\376\377\0003\000.\0001\000.\0003\000.\0006\000\040\000t\000o\000w\000s\000t\000r\000\050\000\051}{subsection.3.1.3}% 17
\BOOKMARK [2][-]{subsection.3.1.4}{\376\377\0003\000.\0001\000.\0004\000\040\004\032\004\076\004\074\004\077\004\076\004\075\004\065\004\075\004\102\004\075\004\126\000\040\004\064\004\060\004\075\004\126}{section.3.1}% 18
\BOOKMARK [3][-]{subsubsection.3.1.4.1}{\376\377\0003\000.\0001\000.\0004\000.\0001\000\040\000a\000l\000p\000h\000a\000N\000u\000m}{subsection.3.1.4}% 19
\BOOKMARK [3][-]{subsubsection.3.1.4.2}{\376\377\0003\000.\0001\000.\0004\000.\0002\000\040\000k\000e\000y}{subsection.3.1.4}% 20
\BOOKMARK [3][-]{subsubsection.3.1.4.3}{\376\377\0003\000.\0001\000.\0004\000.\0003\000\040\000n\000u\000m\000A\000l\000p\000h\000a}{subsection.3.1.4}% 21
\BOOKMARK [0][-]{chapter.4}{\376\377\0004\000\040\004\044\004\060\004\071\004\073\004\070}{}% 22
\BOOKMARK [1][-]{section.4.1}{\376\377\0004\000.\0001\000\040\004\044\004\060\004\071\004\073\000\040\000m\000a\000i\000n\000.\000c\000p\000p}{chapter.4}% 23
\BOOKMARK [2][-]{subsection.4.1.1}{\376\377\0004\000.\0001\000.\0001\000\040\004\024\004\065\004\102\004\060\004\073\004\114\004\075\004\070\004\071\000\040\004\076\004\077\004\070\004\101}{section.4.1}% 24
\BOOKMARK [2][-]{subsection.4.1.2}{\376\377\0004\000.\0001\000.\0002\000\040\004\036\004\077\004\070\004\101\000\040\004\104\004\103\004\075\004\072\004\106\004\126\004\071}{section.4.1}% 25
\BOOKMARK [3][-]{subsubsection.4.1.2.1}{\376\377\0004\000.\0001\000.\0002\000.\0001\000\040\000i\000s\000V\000a\000l\000i\000d\000\050\000\051}{subsection.4.1.2}% 26
\BOOKMARK [3][-]{subsubsection.4.1.2.2}{\376\377\0004\000.\0001\000.\0002\000.\0002\000\040\000m\000a\000i\000n\000\050\000\051}{subsection.4.1.2}% 27
\BOOKMARK [1][-]{section.4.2}{\376\377\0004\000.\0002\000\040\004\044\004\060\004\071\004\073\000\040\000m\000o\000d\000A\000l\000p\000h\000a\000C\000i\000p\000h\000e\000r\000.\000c\000p\000p}{chapter.4}% 28
\BOOKMARK [2][-]{subsection.4.2.1}{\376\377\0004\000.\0002\000.\0001\000\040\004\024\004\065\004\102\004\060\004\073\004\114\004\075\004\070\004\071\000\040\004\076\004\077\004\070\004\101}{section.4.2}% 29
\BOOKMARK [1][-]{section.4.3}{\376\377\0004\000.\0003\000\040\004\044\004\060\004\071\004\073\000\040\000m\000o\000d\000A\000l\000p\000h\000a\000C\000i\000p\000h\000e\000r\000.\000h}{chapter.4}% 30
\BOOKMARK [2][-]{subsection.4.3.1}{\376\377\0004\000.\0003\000.\0001\000\040\004\024\004\065\004\102\004\060\004\073\004\114\004\075\004\070\004\071\000\040\004\076\004\077\004\070\004\101}{section.4.3}% 31
\BOOKMARK [0][-]{section*.11}{\376\377\004\037\004\100\004\065\004\064\004\074\004\065\004\102\004\075\004\070\004\071\000\040\004\077\004\076\004\072\004\060\004\066\004\107\004\070\004\072}{}% 32
